Started GET "/" for 127.0.0.1 at 2017-05-11 14:19:34 -0400
Processing by ApplicationController#hello as HTML
  Rendering html template
  Rendered html template (0.0ms)
Completed 200 OK in 155ms (Views: 8.1ms)


Started GET "/static_pages/home" for 127.0.0.1 at 2017-05-11 14:50:01 -0400
Processing by StaticPagesController#home as HTML
  Rendering static_pages/home.html.erb within layouts/application
  Rendered static_pages/home.html.erb within layouts/application (1.4ms)
Completed 200 OK in 623ms (Views: 621.1ms)


Started GET "/static_pages/home" for 127.0.0.1 at 2017-05-11 15:00:24 -0400
Processing by StaticPagesController#home as HTML
  Rendering static_pages/home.html.erb within layouts/application
  Rendered static_pages/home.html.erb within layouts/application (0.4ms)
Completed 200 OK in 24ms (Views: 22.1ms)


Started GET "/static_pages/home" for 127.0.0.1 at 2017-05-11 17:09:36 -0400
Processing by StaticPagesController#home as HTML
  Rendering static_pages/home.html.erb within layouts/application
  Rendered static_pages/home.html.erb within layouts/application (1.1ms)
Completed 200 OK in 46ms (Views: 42.6ms)


Started GET "/static_pages/help" for 127.0.0.1 at 2017-05-11 17:09:42 -0400
Processing by StaticPagesController#help as HTML
  Rendering static_pages/help.html.erb within layouts/application
  Rendered static_pages/help.html.erb within layouts/application (0.4ms)
Completed 200 OK in 23ms (Views: 19.9ms)


Started GET "/static_pages/about" for 127.0.0.1 at 2017-05-11 17:09:46 -0400
Processing by StaticPagesController#about as HTML
  Rendering static_pages/about.html.erb within layouts/application
  Rendered static_pages/about.html.erb within layouts/application (0.4ms)
Completed 200 OK in 20ms (Views: 18.2ms)


Started GET "/" for 127.0.0.1 at 2017-05-11 17:11:03 -0400
Processing by StaticPagesController#home as HTML
  Rendering static_pages/home.html.erb within layouts/application
  Rendered static_pages/home.html.erb within layouts/application (0.9ms)
Completed 200 OK in 26ms (Views: 24.8ms)


